<?xml version="1.0" encoding="UTF-8"?>
<!-- Generated by org.testng.reporters.JUnitXMLReporter -->
<testsuite ignored="0" hostname="DESKTOP-1FRT0U6" failures="2" tests="10" name="Surefire test" time="103.767" errors="0" timestamp="2025-09-03T22:19:07 IST">
  <testcase classname="tests.CartTest" name="testAddProductToCart" time="10.622"/>
  <testcase classname="tests.CartTest" name="testAddSameProductTwice" time="11.977">
    <failure type="java.lang.AssertionError" message="Should have 3 items of same product in cart expected [3] but found [13]">
      <![CDATA[java.lang.AssertionError: Should have 3 items of same product in cart expected [3] but found [13]
at tests.CartTest.testAddSameProductTwice(CartTest.java:75)
at java.base/java.util.ArrayList.forEach(ArrayList.java:1597)
... Removed 36 stack frames]]>
    </failure>
  </testcase> <!-- testAddSameProductTwice -->
  <testcase classname="tests.CartTest" name="testRemoveItemFromCart" time="9.213">
    <failure type="java.lang.AssertionError" message="Item count should decrease after removal expected [9] but found [12]">
      <![CDATA[java.lang.AssertionError: Item count should decrease after removal expected [9] but found [12]
at tests.CartTest.testRemoveItemFromCart(CartTest.java:102)
at java.base/java.util.ArrayList.forEach(ArrayList.java:1597)
... Removed 36 stack frames]]>
    </failure>
  </testcase> <!-- testRemoveItemFromCart -->
  <testcase classname="tests.LoginTest" name="testLoginWithBlankCredentials" time="1.89"/>
  <testcase classname="tests.LoginTest" name="testLoginWithWrongPassword" time="2.763"/>
  <testcase classname="tests.LoginTest" name="testLoginWithCorrectCredentials" time="4.675"/>
  <testcase classname="tests.LogoutTest" name="testSuccessfulLogout" time="6.671"/>
  <testcase classname="tests.PurchaseTest" name="testSuccessfulPurchase" time="12.81"/>
  <testcase classname="tests.RegistrationTest" name="testRegistrationWithUniqueUser" time="2.995"/>
  <testcase classname="tests.RegistrationTest" name="testRegistrationWithExistingUser" time="3.752"/>
</testsuite> <!-- Surefire test -->
