<?xml version="1.0" encoding="UTF-8"?>
<testng-results ignored="0" total="10" passed="8" failed="2" skipped="0">
  <reporter-output>
  </reporter-output>
  <suite started-at="2025-09-03T22:17:24 IST" name="Surefire suite" finished-at="2025-09-03T22:19:07 IST" duration-ms="103767">
    <groups>
    </groups>
    <test started-at="2025-09-03T22:17:24 IST" name="Surefire test" finished-at="2025-09-03T22:19:07 IST" duration-ms="103767">
      <class name="tests.LoginTest">
        <test-method is-config="true" signature="setUp()[pri:0, instance:tests.LoginTest@7193666c]" started-at="2025-09-03T22:18:10 IST" name="setUp" finished-at="2025-09-03T22:18:13 IST" duration-ms="2726" status="PASS">
          <reporter-output>
          </reporter-output>
        </test-method> <!-- setUp -->
        <test-method signature="testLoginWithBlankCredentials()[pri:1, instance:tests.LoginTest@7193666c]" started-at="2025-09-03T22:18:13 IST" name="testLoginWithBlankCredentials" finished-at="2025-09-03T22:18:15 IST" duration-ms="1890" status="PASS">
          <reporter-output>
          </reporter-output>
        </test-method> <!-- testLoginWithBlankCredentials -->
        <test-method is-config="true" signature="tearDown()[pri:0, instance:tests.LoginTest@7193666c]" started-at="2025-09-03T22:18:15 IST" name="tearDown" finished-at="2025-09-03T22:18:15 IST" duration-ms="364" status="PASS">
          <reporter-output>
          </reporter-output>
        </test-method> <!-- tearDown -->
        <test-method is-config="true" signature="setUp()[pri:0, instance:tests.LoginTest@7193666c]" started-at="2025-09-03T22:18:15 IST" name="setUp" finished-at="2025-09-03T22:18:18 IST" duration-ms="2765" status="PASS">
          <reporter-output>
          </reporter-output>
        </test-method> <!-- setUp -->
        <test-method signature="testLoginWithWrongPassword()[pri:2, instance:tests.LoginTest@7193666c]" started-at="2025-09-03T22:18:18 IST" name="testLoginWithWrongPassword" finished-at="2025-09-03T22:18:21 IST" duration-ms="2763" status="PASS">
          <reporter-output>
          </reporter-output>
        </test-method> <!-- testLoginWithWrongPassword -->
        <test-method is-config="true" signature="tearDown()[pri:0, instance:tests.LoginTest@7193666c]" started-at="2025-09-03T22:18:21 IST" name="tearDown" finished-at="2025-09-03T22:18:21 IST" duration-ms="471" status="PASS">
          <reporter-output>
          </reporter-output>
        </test-method> <!-- tearDown -->
        <test-method is-config="true" signature="setUp()[pri:0, instance:tests.LoginTest@7193666c]" started-at="2025-09-03T22:18:21 IST" name="setUp" finished-at="2025-09-03T22:18:23 IST" duration-ms="1665" status="PASS">
          <reporter-output>
          </reporter-output>
        </test-method> <!-- setUp -->
        <test-method signature="testLoginWithCorrectCredentials()[pri:3, instance:tests.LoginTest@7193666c]" started-at="2025-09-03T22:18:23 IST" name="testLoginWithCorrectCredentials" finished-at="2025-09-03T22:18:28 IST" duration-ms="4675" status="PASS">
          <reporter-output>
          </reporter-output>
        </test-method> <!-- testLoginWithCorrectCredentials -->
        <test-method is-config="true" signature="tearDown()[pri:0, instance:tests.LoginTest@7193666c]" started-at="2025-09-03T22:18:28 IST" name="tearDown" finished-at="2025-09-03T22:18:28 IST" duration-ms="463" status="PASS">
          <reporter-output>
          </reporter-output>
        </test-method> <!-- tearDown -->
      </class> <!-- tests.LoginTest -->
      <class name="tests.CartTest">
        <test-method is-config="true" signature="setUp()[pri:0, instance:tests.CartTest@5119fb47]" started-at="2025-09-03T22:17:24 IST" name="setUp" finished-at="2025-09-03T22:17:31 IST" duration-ms="6983" status="PASS">
          <reporter-output>
          </reporter-output>
        </test-method> <!-- setUp -->
        <test-method signature="testAddProductToCart()[pri:1, instance:tests.CartTest@5119fb47]" started-at="2025-09-03T22:17:31 IST" name="testAddProductToCart" finished-at="2025-09-03T22:17:41 IST" duration-ms="10622" status="PASS">
          <reporter-output>
          </reporter-output>
        </test-method> <!-- testAddProductToCart -->
        <test-method is-config="true" signature="tearDown()[pri:0, instance:tests.CartTest@5119fb47]" started-at="2025-09-03T22:17:41 IST" name="tearDown" finished-at="2025-09-03T22:17:42 IST" duration-ms="702" status="PASS">
          <reporter-output>
          </reporter-output>
        </test-method> <!-- tearDown -->
        <test-method is-config="true" signature="setUp()[pri:0, instance:tests.CartTest@5119fb47]" started-at="2025-09-03T22:17:42 IST" name="setUp" finished-at="2025-09-03T22:17:45 IST" duration-ms="3341" status="PASS">
          <reporter-output>
          </reporter-output>
        </test-method> <!-- setUp -->
        <test-method signature="testAddSameProductTwice()[pri:2, instance:tests.CartTest@5119fb47]" started-at="2025-09-03T22:17:45 IST" name="testAddSameProductTwice" finished-at="2025-09-03T22:17:57 IST" duration-ms="11977" status="FAIL">
          <exception class="java.lang.AssertionError">
            <message>
              <![CDATA[Should have 3 items of same product in cart expected [3] but found [13]]]>
            </message>
            <full-stacktrace>
              <![CDATA[java.lang.AssertionError: Should have 3 items of same product in cart expected [3] but found [13]
at org.testng.Assert.fail(Assert.java:111)
at org.testng.Assert.failNotEquals(Assert.java:1590)
at org.testng.Assert.assertEqualsImpl(Assert.java:150)
at org.testng.Assert.assertEquals(Assert.java:132)
at org.testng.Assert.assertEquals(Assert.java:1431)
at org.testng.Assert.assertEquals(Assert.java:1395)
at tests.CartTest.testAddSameProductTwice(CartTest.java:75)
at java.base/jdk.internal.reflect.DirectMethodHandleAccessor.invoke(DirectMethodHandleAccessor.java:103)
at java.base/java.lang.reflect.Method.invoke(Method.java:580)
at org.testng.internal.invokers.MethodInvocationHelper.invokeMethod(MethodInvocationHelper.java:141)
at org.testng.internal.invokers.TestInvoker.invokeMethod(TestInvoker.java:687)
at org.testng.internal.invokers.TestInvoker.invokeTestMethod(TestInvoker.java:230)
at org.testng.internal.invokers.MethodRunner.runInSequence(MethodRunner.java:63)
at org.testng.internal.invokers.TestInvoker$MethodInvocationAgent.invoke(TestInvoker.java:995)
at org.testng.internal.invokers.TestInvoker.invokeTestMethods(TestInvoker.java:203)
at org.testng.internal.invokers.TestMethodWorker.invokeTestMethods(TestMethodWorker.java:154)
at org.testng.internal.invokers.TestMethodWorker.run(TestMethodWorker.java:134)
at java.base/java.util.ArrayList.forEach(ArrayList.java:1597)
at org.testng.TestRunner.privateRun(TestRunner.java:741)
at org.testng.TestRunner.run(TestRunner.java:616)
at org.testng.SuiteRunner.runTest(SuiteRunner.java:421)
at org.testng.SuiteRunner.runSequentially(SuiteRunner.java:413)
at org.testng.SuiteRunner.privateRun(SuiteRunner.java:373)
at org.testng.SuiteRunner.run(SuiteRunner.java:312)
at org.testng.SuiteRunnerWorker.runSuite(SuiteRunnerWorker.java:52)
at org.testng.SuiteRunnerWorker.run(SuiteRunnerWorker.java:95)
at org.testng.TestNG.runSuitesSequentially(TestNG.java:1274)
at org.testng.TestNG.runSuitesLocally(TestNG.java:1208)
at org.testng.TestNG.runSuites(TestNG.java:1112)
at org.testng.TestNG.run(TestNG.java:1079)
at org.apache.maven.surefire.testng.TestNGExecutor.run(TestNGExecutor.java:155)
at org.apache.maven.surefire.testng.TestNGDirectoryTestSuite.executeMulti(TestNGDirectoryTestSuite.java:169)
at org.apache.maven.surefire.testng.TestNGDirectoryTestSuite.execute(TestNGDirectoryTestSuite.java:88)
at org.apache.maven.surefire.testng.TestNGProvider.invoke(TestNGProvider.java:137)
at org.apache.maven.surefire.booter.ForkedBooter.runSuitesInProcess(ForkedBooter.java:385)
at org.apache.maven.surefire.booter.ForkedBooter.execute(ForkedBooter.java:162)
at org.apache.maven.surefire.booter.ForkedBooter.run(ForkedBooter.java:507)
at org.apache.maven.surefire.booter.ForkedBooter.main(ForkedBooter.java:495)
]]>
            </full-stacktrace>
          </exception> <!-- java.lang.AssertionError -->
          <reporter-output>
          </reporter-output>
        </test-method> <!-- testAddSameProductTwice -->
        <test-method is-config="true" signature="tearDown()[pri:0, instance:tests.CartTest@5119fb47]" started-at="2025-09-03T22:17:57 IST" name="tearDown" finished-at="2025-09-03T22:17:58 IST" duration-ms="1051" status="PASS">
          <reporter-output>
          </reporter-output>
        </test-method> <!-- tearDown -->
        <test-method is-config="true" signature="setUp()[pri:0, instance:tests.CartTest@5119fb47]" started-at="2025-09-03T22:17:58 IST" name="setUp" finished-at="2025-09-03T22:18:01 IST" duration-ms="2229" status="PASS">
          <reporter-output>
          </reporter-output>
        </test-method> <!-- setUp -->
        <test-method signature="testRemoveItemFromCart()[pri:3, instance:tests.CartTest@5119fb47]" started-at="2025-09-03T22:18:01 IST" name="testRemoveItemFromCart" finished-at="2025-09-03T22:18:10 IST" duration-ms="9213" status="FAIL">
          <exception class="java.lang.AssertionError">
            <message>
              <![CDATA[Item count should decrease after removal expected [9] but found [12]]]>
            </message>
            <full-stacktrace>
              <![CDATA[java.lang.AssertionError: Item count should decrease after removal expected [9] but found [12]
at org.testng.Assert.fail(Assert.java:111)
at org.testng.Assert.failNotEquals(Assert.java:1590)
at org.testng.Assert.assertEqualsImpl(Assert.java:150)
at org.testng.Assert.assertEquals(Assert.java:132)
at org.testng.Assert.assertEquals(Assert.java:1431)
at org.testng.Assert.assertEquals(Assert.java:1395)
at tests.CartTest.testRemoveItemFromCart(CartTest.java:102)
at java.base/jdk.internal.reflect.DirectMethodHandleAccessor.invoke(DirectMethodHandleAccessor.java:103)
at java.base/java.lang.reflect.Method.invoke(Method.java:580)
at org.testng.internal.invokers.MethodInvocationHelper.invokeMethod(MethodInvocationHelper.java:141)
at org.testng.internal.invokers.TestInvoker.invokeMethod(TestInvoker.java:687)
at org.testng.internal.invokers.TestInvoker.invokeTestMethod(TestInvoker.java:230)
at org.testng.internal.invokers.MethodRunner.runInSequence(MethodRunner.java:63)
at org.testng.internal.invokers.TestInvoker$MethodInvocationAgent.invoke(TestInvoker.java:995)
at org.testng.internal.invokers.TestInvoker.invokeTestMethods(TestInvoker.java:203)
at org.testng.internal.invokers.TestMethodWorker.invokeTestMethods(TestMethodWorker.java:154)
at org.testng.internal.invokers.TestMethodWorker.run(TestMethodWorker.java:134)
at java.base/java.util.ArrayList.forEach(ArrayList.java:1597)
at org.testng.TestRunner.privateRun(TestRunner.java:741)
at org.testng.TestRunner.run(TestRunner.java:616)
at org.testng.SuiteRunner.runTest(SuiteRunner.java:421)
at org.testng.SuiteRunner.runSequentially(SuiteRunner.java:413)
at org.testng.SuiteRunner.privateRun(SuiteRunner.java:373)
at org.testng.SuiteRunner.run(SuiteRunner.java:312)
at org.testng.SuiteRunnerWorker.runSuite(SuiteRunnerWorker.java:52)
at org.testng.SuiteRunnerWorker.run(SuiteRunnerWorker.java:95)
at org.testng.TestNG.runSuitesSequentially(TestNG.java:1274)
at org.testng.TestNG.runSuitesLocally(TestNG.java:1208)
at org.testng.TestNG.runSuites(TestNG.java:1112)
at org.testng.TestNG.run(TestNG.java:1079)
at org.apache.maven.surefire.testng.TestNGExecutor.run(TestNGExecutor.java:155)
at org.apache.maven.surefire.testng.TestNGDirectoryTestSuite.executeMulti(TestNGDirectoryTestSuite.java:169)
at org.apache.maven.surefire.testng.TestNGDirectoryTestSuite.execute(TestNGDirectoryTestSuite.java:88)
at org.apache.maven.surefire.testng.TestNGProvider.invoke(TestNGProvider.java:137)
at org.apache.maven.surefire.booter.ForkedBooter.runSuitesInProcess(ForkedBooter.java:385)
at org.apache.maven.surefire.booter.ForkedBooter.execute(ForkedBooter.java:162)
at org.apache.maven.surefire.booter.ForkedBooter.run(ForkedBooter.java:507)
at org.apache.maven.surefire.booter.ForkedBooter.main(ForkedBooter.java:495)
]]>
            </full-stacktrace>
          </exception> <!-- java.lang.AssertionError -->
          <reporter-output>
          </reporter-output>
        </test-method> <!-- testRemoveItemFromCart -->
        <test-method is-config="true" signature="tearDown()[pri:0, instance:tests.CartTest@5119fb47]" started-at="2025-09-03T22:18:10 IST" name="tearDown" finished-at="2025-09-03T22:18:10 IST" duration-ms="446" status="PASS">
          <reporter-output>
          </reporter-output>
        </test-method> <!-- tearDown -->
      </class> <!-- tests.CartTest -->
      <class name="tests.RegistrationTest">
        <test-method is-config="true" signature="setUp()[pri:0, instance:tests.RegistrationTest@1dde4cb2]" started-at="2025-09-03T22:18:54 IST" name="setUp" finished-at="2025-09-03T22:18:58 IST" duration-ms="3504" status="PASS">
          <reporter-output>
          </reporter-output>
        </test-method> <!-- setUp -->
        <test-method signature="testRegistrationWithUniqueUser()[pri:1, instance:tests.RegistrationTest@1dde4cb2]" started-at="2025-09-03T22:18:58 IST" name="testRegistrationWithUniqueUser" finished-at="2025-09-03T22:19:01 IST" duration-ms="2995" status="PASS">
          <reporter-output>
          </reporter-output>
        </test-method> <!-- testRegistrationWithUniqueUser -->
        <test-method is-config="true" signature="tearDown()[pri:0, instance:tests.RegistrationTest@1dde4cb2]" started-at="2025-09-03T22:19:01 IST" name="tearDown" finished-at="2025-09-03T22:19:02 IST" duration-ms="648" status="PASS">
          <reporter-output>
          </reporter-output>
        </test-method> <!-- tearDown -->
        <test-method is-config="true" signature="setUp()[pri:0, instance:tests.RegistrationTest@1dde4cb2]" started-at="2025-09-03T22:19:02 IST" name="setUp" finished-at="2025-09-03T22:19:03 IST" duration-ms="1620" status="PASS">
          <reporter-output>
          </reporter-output>
        </test-method> <!-- setUp -->
        <test-method signature="testRegistrationWithExistingUser()[pri:2, instance:tests.RegistrationTest@1dde4cb2]" started-at="2025-09-03T22:19:03 IST" name="testRegistrationWithExistingUser" finished-at="2025-09-03T22:19:07 IST" duration-ms="3752" status="PASS">
          <reporter-output>
          </reporter-output>
        </test-method> <!-- testRegistrationWithExistingUser -->
        <test-method is-config="true" signature="tearDown()[pri:0, instance:tests.RegistrationTest@1dde4cb2]" started-at="2025-09-03T22:19:07 IST" name="tearDown" finished-at="2025-09-03T22:19:07 IST" duration-ms="412" status="PASS">
          <reporter-output>
          </reporter-output>
        </test-method> <!-- tearDown -->
      </class> <!-- tests.RegistrationTest -->
      <class name="tests.PurchaseTest">
        <test-method is-config="true" signature="setUp()[pri:0, instance:tests.PurchaseTest@3835c46]" started-at="2025-09-03T22:18:38 IST" name="setUp" finished-at="2025-09-03T22:18:41 IST" duration-ms="2915" status="PASS">
          <reporter-output>
          </reporter-output>
        </test-method> <!-- setUp -->
        <test-method signature="testSuccessfulPurchase()[pri:1, instance:tests.PurchaseTest@3835c46]" started-at="2025-09-03T22:18:41 IST" name="testSuccessfulPurchase" finished-at="2025-09-03T22:18:54 IST" duration-ms="12810" status="PASS">
          <reporter-output>
          </reporter-output>
        </test-method> <!-- testSuccessfulPurchase -->
        <test-method is-config="true" signature="tearDown()[pri:0, instance:tests.PurchaseTest@3835c46]" started-at="2025-09-03T22:18:54 IST" name="tearDown" finished-at="2025-09-03T22:18:54 IST" duration-ms="583" status="PASS">
          <reporter-output>
          </reporter-output>
        </test-method> <!-- tearDown -->
      </class> <!-- tests.PurchaseTest -->
      <class name="tests.LogoutTest">
        <test-method is-config="true" signature="setUp()[pri:0, instance:tests.LogoutTest@20deea7f]" started-at="2025-09-03T22:18:28 IST" name="setUp" finished-at="2025-09-03T22:18:31 IST" duration-ms="2896" status="PASS">
          <reporter-output>
          </reporter-output>
        </test-method> <!-- setUp -->
        <test-method signature="testSuccessfulLogout()[pri:1, instance:tests.LogoutTest@20deea7f]" started-at="2025-09-03T22:18:31 IST" name="testSuccessfulLogout" finished-at="2025-09-03T22:18:38 IST" duration-ms="6671" status="PASS">
          <reporter-output>
          </reporter-output>
        </test-method> <!-- testSuccessfulLogout -->
        <test-method is-config="true" signature="tearDown()[pri:0, instance:tests.LogoutTest@20deea7f]" started-at="2025-09-03T22:18:38 IST" name="tearDown" finished-at="2025-09-03T22:18:38 IST" duration-ms="462" status="PASS">
          <reporter-output>
          </reporter-output>
        </test-method> <!-- tearDown -->
      </class> <!-- tests.LogoutTest -->
    </test> <!-- Surefire test -->
  </suite> <!-- Surefire suite -->
</testng-results>
